Determining if the pthread_create exist failed with the following output:
Change Dir: /home/kartik/Documents/Projects/BE_Project/Silatra/SilatraCPP_OG/build/CMakeFiles/CMakeTmp

Run Build Command:"/usr/bin/make" "cmTC_d282a/fast"
/usr/bin/make -f CMakeFiles/cmTC_d282a.dir/build.make CMakeFiles/cmTC_d282a.dir/build
make[1]: Entering directory '/home/kartik/Documents/Projects/BE_Project/Silatra/SilatraCPP_OG/build/CMakeFiles/CMakeTmp'
Building C object CMakeFiles/cmTC_d282a.dir/CheckSymbolExists.c.o
/usr/bin/cc    -fPIC    -o CMakeFiles/cmTC_d282a.dir/CheckSymbolExists.c.o   -c /home/kartik/Documents/Projects/BE_Project/Silatra/SilatraCPP_OG/build/CMakeFiles/CMakeTmp/CheckSymbolExists.c
Linking C executable cmTC_d282a
/usr/bin/cmake -E cmake_link_script CMakeFiles/cmTC_d282a.dir/link.txt --verbose=1
/usr/bin/cc  -fPIC     CMakeFiles/cmTC_d282a.dir/CheckSymbolExists.c.o  -o cmTC_d282a -rdynamic 
CMakeFiles/cmTC_d282a.dir/CheckSymbolExists.c.o: In function `main':
CheckSymbolExists.c:(.text+0x1b): undefined reference to `pthread_create'
collect2: error: ld returned 1 exit status
CMakeFiles/cmTC_d282a.dir/build.make:97: recipe for target 'cmTC_d282a' failed
make[1]: *** [cmTC_d282a] Error 1
make[1]: Leaving directory '/home/kartik/Documents/Projects/BE_Project/Silatra/SilatraCPP_OG/build/CMakeFiles/CMakeTmp'
Makefile:126: recipe for target 'cmTC_d282a/fast' failed
make: *** [cmTC_d282a/fast] Error 2

File /home/kartik/Documents/Projects/BE_Project/Silatra/SilatraCPP_OG/build/CMakeFiles/CMakeTmp/CheckSymbolExists.c:
/* */
#include <pthread.h>

int main(int argc, char** argv)
{
  (void)argv;
#ifndef pthread_create
  return ((int*)(&pthread_create))[argc];
#else
  (void)argc;
  return 0;
#endif
}

Determining if the function pthread_create exists in the pthreads failed with the following output:
Change Dir: /home/kartik/Documents/Projects/BE_Project/Silatra/SilatraCPP_OG/build/CMakeFiles/CMakeTmp

Run Build Command:"/usr/bin/make" "cmTC_9f4ae/fast"
/usr/bin/make -f CMakeFiles/cmTC_9f4ae.dir/build.make CMakeFiles/cmTC_9f4ae.dir/build
make[1]: Entering directory '/home/kartik/Documents/Projects/BE_Project/Silatra/SilatraCPP_OG/build/CMakeFiles/CMakeTmp'
Building C object CMakeFiles/cmTC_9f4ae.dir/CheckFunctionExists.c.o
/usr/bin/cc    -fPIC -DCHECK_FUNCTION_EXISTS=pthread_create   -o CMakeFiles/cmTC_9f4ae.dir/CheckFunctionExists.c.o   -c /usr/share/cmake-3.5/Modules/CheckFunctionExists.c
Linking C executable cmTC_9f4ae
/usr/bin/cmake -E cmake_link_script CMakeFiles/cmTC_9f4ae.dir/link.txt --verbose=1
/usr/bin/cc  -fPIC -DCHECK_FUNCTION_EXISTS=pthread_create    CMakeFiles/cmTC_9f4ae.dir/CheckFunctionExists.c.o  -o cmTC_9f4ae -rdynamic -lpthreads 
/usr/bin/ld: cannot find -lpthreads
collect2: error: ld returned 1 exit status
CMakeFiles/cmTC_9f4ae.dir/build.make:97: recipe for target 'cmTC_9f4ae' failed
make[1]: *** [cmTC_9f4ae] Error 1
make[1]: Leaving directory '/home/kartik/Documents/Projects/BE_Project/Silatra/SilatraCPP_OG/build/CMakeFiles/CMakeTmp'
Makefile:126: recipe for target 'cmTC_9f4ae/fast' failed
make: *** [cmTC_9f4ae/fast] Error 2


